<?xml version="1.0" encoding="UTF-8"?>
<testsuite xmlns:xsi="http://www.w3.org/2001/XMLSchema-instance" xsi:noNamespaceSchemaLocation="https://maven.apache.org/surefire/maven-surefire-plugin/xsd/surefire-test-report-3.0.xsd" version="3.0" name="com.bankapp.onlinebanking.OnlineBankingApplicationTests" time="2.839" tests="1" errors="0" skipped="0" failures="0">
  <properties>
[...]
</properties>
  <testcase name="contextLoads" classname="com.bankapp.onlinebanking.OnlineBankingApplicationTests" time="0.307">
    <system-out><![CDATA[14:34:54.539 [main] INFO org.springframework.test.context.support.AnnotationConfigContextLoaderUtils -- Could not detect default configuration classes for test class [com.bankapp.onlinebanking.OnlineBankingApplicationTests]: OnlineBankingApplicationTests does not declare any static, non-private, non-final, nested classes annotated with @Configuration.
14:34:54.599 [main] INFO org.springframework.boot.test.context.SpringBootTestContextBootstrapper -- Found @SpringBootConfiguration com.bankapp.onlinebanking.OnlineBankingApplication for test class com.bankapp.onlinebanking.OnlineBankingApplicationTests

  .   ____          _            __ _ _
 /\\ / ___'_ __ _ _(_)_ __  __ _ \ \ \ \
( ( )\___ | '_ | '_| | '_ \/ _` | \ \ \ \
 \\/  ___)| |_)| | | | | || (_| |  ) ) ) )
  '  |____| .__|_| |_|_| |_\__, | / / / /
 =========|_|==============|___/=/_/_/_/

 :: Spring Boot ::                (v3.3.5)

2024-11-18T14:34:54.771-08:00  INFO 61738 --- [online_banking] [           main] c.b.o.OnlineBankingApplicationTests      : Starting OnlineBankingApplicationTests using Java 23 with PID 61738 (started by johnathanchapman in /Applications/Java-AWS/Java-Online-Banking-App/online-banking)
2024-11-18T14:34:54.771-08:00  INFO 61738 --- [online_banking] [           main] c.b.o.OnlineBankingApplicationTests      : No active profile set, falling back to 1 default profile: "default"
2024-11-18T14:34:55.162-08:00  INFO 61738 --- [online_banking] [           main] .s.d.r.c.RepositoryConfigurationDelegate : Bootstrapping Spring Data JPA repositories in DEFAULT mode.
2024-11-18T14:34:55.180-08:00  INFO 61738 --- [online_banking] [           main] .s.d.r.c.RepositoryConfigurationDelegate : Finished Spring Data repository scanning in 15 ms. Found 1 JPA repository interface.
2024-11-18T14:34:55.472-08:00  INFO 61738 --- [online_banking] [           main] o.hibernate.jpa.internal.util.LogHelper  : HHH000204: Processing PersistenceUnitInfo [name: default]
2024-11-18T14:34:55.500-08:00  INFO 61738 --- [online_banking] [           main] org.hibernate.Version                    : HHH000412: Hibernate ORM core version 6.5.3.Final
2024-11-18T14:34:55.518-08:00  INFO 61738 --- [online_banking] [           main] o.h.c.internal.RegionFactoryInitiator    : HHH000026: Second-level cache disabled
2024-11-18T14:34:55.662-08:00  INFO 61738 --- [online_banking] [           main] o.s.o.j.p.SpringPersistenceUnitInfo      : No LoadTimeWeaver setup: ignoring JPA class transformer
2024-11-18T14:34:55.674-08:00  INFO 61738 --- [online_banking] [           main] com.zaxxer.hikari.HikariDataSource       : HikariPool-1 - Starting...
2024-11-18T14:34:55.897-08:00  INFO 61738 --- [online_banking] [           main] com.zaxxer.hikari.pool.HikariPool        : HikariPool-1 - Added connection com.mysql.cj.jdbc.ConnectionImpl@3d4818e8
2024-11-18T14:34:55.898-08:00  INFO 61738 --- [online_banking] [           main] com.zaxxer.hikari.HikariDataSource       : HikariPool-1 - Start completed.
2024-11-18T14:34:56.287-08:00  INFO 61738 --- [online_banking] [           main] o.h.e.t.j.p.i.JtaPlatformInitiator       : HHH000489: No JTA platform available (set 'hibernate.transaction.jta.platform' to enable JTA platform integration)
2024-11-18T14:34:56.318-08:00  INFO 61738 --- [online_banking] [           main] j.LocalContainerEntityManagerFactoryBean : Initialized JPA EntityManagerFactory for persistence unit 'default'
2024-11-18T14:34:56.579-08:00  WARN 61738 --- [online_banking] [           main] JpaBaseConfiguration$JpaWebConfiguration : spring.jpa.open-in-view is enabled by default. Therefore, database queries may be performed during view rendering. Explicitly configure spring.jpa.open-in-view to disable this warning
2024-11-18T14:34:56.890-08:00  INFO 61738 --- [online_banking] [           main] o.s.b.a.e.web.EndpointLinksResolver      : Exposing 1 endpoint beneath base path '/actuator'
2024-11-18T14:34:56.934-08:00  INFO 61738 --- [online_banking] [           main] c.b.o.OnlineBankingApplicationTests      : Started OnlineBankingApplicationTests in 2.272 seconds (process running for 2.728)
]]></system-out>
    <system-err><![CDATA[WARNING: A Java agent has been loaded dynamically (/Users/johnathanchapman/.m2/repository/net/bytebuddy/byte-buddy-agent/1.14.19/byte-buddy-agent-1.14.19.jar)
WARNING: If a serviceability tool is in use, please run with -XX:+EnableDynamicAgentLoading to hide this warning
WARNING: If a serviceability tool is not in use, please run with -Djdk.instrument.traceUsage for more information
WARNING: Dynamic loading of agents will be disallowed by default in a future release
]]></system-err>
  </testcase>
</testsuite>